<?xml version="1.0" encoding="UTF-8"?>
<robot generator="Robot 5.0.1 (Python 3.9.13 on win32)" generated="20230719 10:53:08.116" rpa="true" schemaversion="3">
<suite id="s1" name="Tasks" source="c:\Users\yesu\Desktop\Robocorp Projects1\Robot3\tasks.robot">
<test id="s1-t1" name="Minimal task" line="7">
<kw name="Log" library="BuiltIn">
<arg>Done</arg>
<doc>Logs the given message with the given level.</doc>
<msg timestamp="20230719 10:53:08.636" level="INFO">Done</msg>
<status status="PASS" starttime="20230719 10:53:08.635" endtime="20230719 10:53:08.646"/>
</kw>
<status status="PASS" starttime="20230719 10:53:08.633" endtime="20230719 10:53:08.648"/>
</test>
<doc>Robot for ordering robots</doc>
<status status="PASS" starttime="20230719 10:53:08.190" endtime="20230719 10:53:08.656"/>
</suite>
<statistics>
<total>
<stat pass="1" fail="0" skip="0">All Tasks</stat>
</total>
<tag>
</tag>
<suite>
<stat pass="1" fail="0" skip="0" id="s1" name="Tasks">Tasks</stat>
</suite>
</statistics>
<errors>
</errors>
</robot>
